0 
1 98
2 22 248
3 19 168 202
0 
0 
0 
4 86 198 221 251
2 52 261
3 16 136 145
3 41 118 250
4 56 112 164 239
3 58 193 212
1 91
1 43
2 8 116
2 31 126
0 
0 
0 
5 88 120 122 124 131
4 60 172 185 204
2 62 222
0 
2 9 254
0 
3 29 101 108
3 38 196 213
5 63 113 125 245 265
1 89
1 13
1 87
5 66 107 210 225 258
0 
3 94 151 157
2 72 106
4 37 189 205 243
0 
0 
1 81
4 97 218 234 262
0 
3 47 115 137
1 83
1 74
1 53
2 57 100
0 
5 80 156 166 244 259
4 69 208 227 255
1 61
0 
4 33 134 177 188
1 0
1 75
2 95 201
0 
2 90 264
0 
5 55 181 203 216 246
0 
4 65 103 109 153
4 32 184 199 211
0 
2 10 146
2 49 252
1 27
3 7 117 123
0 
3 15 133 141
3 96 111 171
5 50 114 190 219 241
0 
6 3 119 132 138 170 179
3 85 105 209
5 26 183 200 215 240
7 40 154 163 182 197 231 247
5 17 180 194 214 233
0 
3 11 169 178
0 
1 51
1 77
5 48 127 167 176 187
2 18 160
1 67
3 70 102 139
0 
0 
2 24 128
0 
5 1 165 173 186 207
5 21 175 195 220 238
3 23 232 256
0 
0 
0 
1 12
0 
4 35 130 142 150
