4 330 468 843 886
5 67 431 1760 2116 2420
6 98 1753 1972 2136 2540 2761
10 286 572 1300 1395 1560 1681 1840 2005 2186 2435
2 207 2453
3 50 1874 2126
9 345 1240 1326 1487 1619 1833 2095 2249 2753
4 222 1287 2072 2549
11 84 404 408 592 626 1362 1513 1709 1873 2097 2400
5 159 1741 1925 2324 2771
7 134 458 1091 1227 1334 2250 2608
6 109 1697 1975 2180 2393 2655
12 356 847 931 1042 1183 1321 1406 1552 1769 2030 2175 2565
6 246 731 790 1206 1292 1495
4 43 1732 2043 2235
12 140 602 1106 1261 1375 1529 1714 1824 1964 2171 2401 2631
12 150 692 761 832 913 965 1041 1157 1604 1834 2149 2559
12 197 438 778 837 899 1003 1306 1424 1644 1932 2285 2688
2 72 512
3 367 433 2547
13 103 485 506 971 1083 1153 1232 1348 1646 1784 2017 2181 2406
2 379 1577
9 269 421 475 860 901 1134 1563 2172 2354
7 262 1432 1756 2065 2219 2408 2664
2 34 2552
5 296 430 561 2035 2444
7 7 472 1124 1226 1651 1828 2593
6 297 1871 1994 2133 2390 2706
8 121 422 1378 1512 1618 1861 2104 2373
9 199 738 789 1151 1291 1438 1537 1846 2196
7 5 1514 1606 1803 1973 2156 2333
2 357 2620
7 327 621 670 713 984 1997 2195
5 53 1893 2103 2337 2720
7 179 1103 1312 1601 1918 2274 2603
6 165 1489 1717 2091 2488 2698
4 85 739 1999 2409
7 137 717 781 910 963 1303 1509
6 104 542 826 874 2211 2801
11 64 842 1073 1149 1210 1367 1581 1763 1922 2192 2361
3 237 2236 2455
10 256 484 1142 1252 1466 1662 1852 2056 2206 2621
6 266 695 1693 2205 2380 2602
11 295 675 1093 1401 1501 1610 1761 1856 1976 2270 2506
4 239 1556 1919 2306
3 172 2263 2499
10 52 487 768 829 937 1388 1611 1902 2086 2291
6 31 906 1014 1055 2454 2779
1 42
10 261 535 625 674 1372 1504 1757 2176 2520 2832
4 229 473 709 2482
4 130 793 887 923
3 245 2322 2615
6 343 1538 1667 1792 1946 2421
8 308 1238 1385 1508 1650 1770 1900 2680
7 231 838 889 1669 2016 2280 2670
9 86 986 1034 1122 1695 1877 2087 2239 2689
7 304 1455 1724 1903 2143 2470 2731
11 350 711 820 908 953 1053 1085 1374 1616 1851 2131
6 324 1148 1307 1486 1809 2346
9 210 514 1284 1482 1629 1703 2009 2252 2574
9 51 1113 1172 1253 1343 1457 1659 2114 2449
3 181 623 2570
9 21 1125 1233 1475 1664 1758 1992 2163 2583
4 306 1268 1525 1748
6 395 1269 1839 2011 2232 2473
4 36 1573 1694 1910
5 151 402 563 603 2405
18 125 566 589 616 654 683 760 794 868 960 1065 1150 1191 1329 1540 1705 2386 2548
6 19 825 1162 1317 1428 2411
8 311 1031 1235 1392 1647 1820 2098 2261
6 158 730 762 862 2422 2812
6 352 707 765 2362 2531 2752
5 4 465 1289 2521 2818
7 227 682 1095 1208 1342 1837 2189
9 359 419 489 513 1463 1686 1905 2365 2639
6 24 702 848 1886 2248 2551
8 188 684 733 788 844 932 1007 1075
3 107 1632 2004
6 386 749 1062 1143 1330 1414
6 87 678 719 795 2375 2529
6 248 721 1961 2159 2416 2714
14 331 632 708 757 861 928 1047 1165 1358 1533 1721 1872 2102 2523
3 387 1186 1294
3 166 2158 2359
9 380 511 649 680 725 1262 1357 1497 1685
4 71 1867 2113 2329
4 167 1755 2034 2461
5 170 1126 1267 1421 1628
8 78 418 523 992 1045 1881 2165 2517
4 192 1788 2077 2341
10 91 664 896 970 1346 1523 1794 1959 2326 2526
4 123 446 636 2632
8 120 499 1578 1718 1896 2053 2234 2584
8 79 470 486 851 922 1836 2216 2413
10 57 641 666 700 1056 1167 1305 2140 2334 2587
4 22 657 2129 2350
5 145 1337 1582 1832 2037
10 15 407 1024 1160 1308 1439 1674 1969 2199 2678
4 35 1736 2050 2431
6 138 729 1009 2023 2130 2403
10 70 1033 1123 1359 1583 1727 1934 2185 2476 2746
12 238 450 600 609 1104 1203 1386 1491 1653 1920 2327 2611
4 144 1737 1937 2382
3 328 2265 2465
7 243 627 976 1051 1137 2173 2524
12 143 435 785 859 945 1301 1460 1614 1817 2118 2399 2851
10 148 415 1320 1415 1498 1609 1749 2059 2279 2588
7 27 516 550 1132 1202 1369 2589
5 254 696 2260 2592 2828
7 334 500 1019 1310 1974 2122 2496
10 214 584 698 1146 1266 1427 1800 2045 2312 2528
9 81 547 1177 1274 1449 1564 1914 2254 2564
4 351 1968 2208 2569
10 11 1017 1118 1273 1472 1634 1807 2057 2402 2751
14 394 429 787 836 877 972 1049 1451 1553 1645 1787 1990 2305 2666
4 97 1400 1623 1814
7 62 1211 1344 1708 2105 2389 2618
6 232 957 1000 1102 1221 1351
7 153 1115 1181 1260 1481 1652 2754
5 276 1228 1398 1805 2342
10 128 646 1276 1399 1511 1668 1847 2052 2381 2789
13 208 987 1044 1129 1314 1570 1764 1875 2020 2139 2300 2494 2756
3 201 2331 2665
9 376 924 1025 1108 1580 1799 1938 2201 2480
6 292 526 635 668 714 747
5 115 524 647 2031 2384
3 235 434 522
3 354 416 490
8 353 934 1257 1408 1565 1898 2166 2614
7 58 476 796 845 942 1020 1081
3 182 2096 2369
3 320 2443 2685
3 377 2485 2705
3 60 642 2690
18 142 481 532 551 658 801 895 981 1068 1187 1319 1444 1613 1815 1995 2135 2471 2800
12 76 919 1002 1088 1352 1411 1548 1765 1911 2025 2283 2546
7 163 405 722 1857 2063 2277 2651
8 83 427 1485 1715 1796 2001 2287 2695
7 61 529 1630 1725 2042 2330 2648
7 224 608 1539 1744 1939 2081 2275
2 371 2544
2 74 2437
3 301 520 539
4 105 536 556 2145
7 141 873 966 1029 1866 2055 2247
8 152 562 1447 1603 1774 2115 2417 2817
2 177 1133
9 33 617 947 1013 1089 1682 1890 2286 2741
4 186 938 2164 2519
2 155 806
7 225 875 1027 1127 1924 2144 2491
6 191 1397 1589 1775 1933 2273
4 68 543 2336 2622
7 230 1219 1275 1802 2068 2427 2660
12 244 735 759 816 880 946 1060 1456 1595 1754 2099 2377
7 69 448 553 1979 2109 2259 2505
9 383 410 495 594 620 662 701 751 2723
9 368 577 653 1464 1585 1706 1941 2184 2553
2 92 2317
5 18 1079 1201 1368 2707
4 290 1862 2049 2428
3 16 461 2459
13 344 779 822 885 930 1012 1144 1197 1430 1558 1962 2193 2556
8 303 669 807 926 1981 2318 2567 2882
7 55 549 1459 1588 1853 2110 2414
4 389 611 1185 2686
5 325 1739 1917 2319 2595
8 146 1099 1237 1417 1658 1808 2128 2308
10 184 494 974 1130 1216 1419 1493 1726 2060 2313
5 397 1436 1532 1955 2607
7 213 903 1425 1626 1804 2137 2432
6 340 1476 1677 1819 2094 2426
6 176 1720 1909 2062 2242 2662
8 289 571 916 1035 1135 1234 1315 2641
6 126 1844 2075 2207 2486 2792
4 12 2177 2407 2681
10 118 525 612 1112 1217 1350 1519 1747 1960 2323
7 200 619 643 660 1649 1816 2170
6 271 545 1648 1869 2003 2371
5 342 503 591 1140 1184
8 322 1190 1323 1422 1557 1988 2231 2563
7 316 688 1366 1551 1768 1998 2303
12 300 426 737 780 841 948 1052 1333 1772 2090 2299 2728
6 341 853 1006 1070 1255 1562
6 378 1555 1826 2014 2307 2527
5 23 659 811 891 2497
3 268 491 2518
3 3 2264 2600
8 277 412 1477 1622 1870 1985 2134 2661
8 37 964 1684 1899 2127 2391 2612 2836
5 346 452 1304 1431 2469
3 364 2174 2394
6 187 1452 1569 1766 2167 2495
4 226 1887 2224 2539
7 111 595 624 1750 2054 2198 2430
13 385 939 1072 1117 1200 1281 1383 1574 1797 1953 2073 2376 2642
4 348 758 834 1325
3 242 1394 2762
12 234 460 467 878 962 1147 1251 1355 1440 1691 2000 2284
6 73 800 1888 2071 2297 2702
9 258 578 1207 1490 1678 1864 2039 2424 2675
13 283 453 456 474 1067 1239 1364 1535 1640 1936 2121 2310 2597
3 260 1735 2311
9 90 1110 1193 1259 1483 1680 2028 2339 2562
9 196 537 690 879 1446 1575 2076 2255 2625
5 101 1328 1945 2301 2726
3 195 575 782
16 65 403 436 812 872 982 1048 1121 1224 1302 1409 1599 1707 1825 2138 2605
8 398 420 865 1040 1868 2047 2269 2534
10 164 1145 1258 1502 1625 1781 1996 2253 2440 2711
6 250 400 557 2015 2246 2503
15 212 671 697 752 983 1043 1097 1204 1290 1478 1666 1865 2018 2383 2682
6 13 1412 1641 1838 2019 2188
11 193 728 1038 1090 1170 1313 1531 1728 2067 2436 2794
6 288 753 819 881 914 999
3 30 2213 2619
9 241 471 1131 1182 1671 1954 2085 2293 2610
3 99 927 1958
3 305 1168 1242
9 391 1209 1354 1522 1722 1859 2024 2397 2654
6 185 1526 1660 1947 2387 2692
9 366 1244 1442 1568 1785 1943 2082 2348 2633
6 310 663 1811 2157 2290 2452
8 1 1340 1426 1593 1863 2078 2328 2599
7 349 1520 1690 1878 2029 2183 2538
7 110 505 540 548 767 814 2535
13 28 839 909 1022 1094 1347 1429 1571 1780 1966 2111 2451 2768
7 66 846 969 1057 1980 2083 2448
11 375 633 1114 1230 1341 1467 1579 1713 1889 2021 2423
8 40 588 631 687 763 2010 2155 2439
7 127 1280 1373 1692 1987 2243 2591
5 75 867 2013 2233 2474
7 124 528 552 579 911 1642 2368
7 360 502 1734 1849 2141 2357 2759
5 281 897 1015 1687 2332
2 314 863
9 312 568 679 724 766 833 888 975 2525
3 252 2226 2429
10 77 1016 1101 1192 1547 1835 1952 2108 2415 2721
4 175 1883 2092 2693
1 205
9 264 401 694 954 1139 1249 1435 1965 2295
6 365 1810 1977 2215 2438 2727
4 223 1028 2395 2738
8 209 665 716 740 773 815 1821 2048
6 255 455 1448 1621 1858 2203
3 282 2244 2514
7 139 590 993 1801 1921 2152 2663
5 253 439 451 1880 2093
10 44 1218 1360 1479 1643 1759 1950 2106 2251 2501
4 257 792 2289 2576
10 294 744 818 882 967 1534 1773 2112 2321 2543
6 361 1635 1751 1906 2146 2487
7 161 1331 1528 1636 1904 2257 2481
5 198 726 918 988 1116
14 203 406 411 615 777 850 955 1061 1152 1263 1951 2202 2478 2734
11 267 1004 1078 1173 1286 1462 1661 1806 1970 2187 2561
9 160 732 791 1277 1445 1612 1915 2194 2467
3 332 444 2483
5 259 493 498 2262 2572
14 162 501 720 769 813 883 929 1174 1405 1544 1850 2038 2209 2579
8 147 519 1098 1279 1453 1631 1793 1993
6 10 1246 1683 1908 2281 2504
9 326 466 876 935 980 1096 1166 2412 2624
9 265 750 1076 1189 1318 1689 1928 2120 2536
7 117 1420 1638 1927 2238 2580 2769
8 59 835 892 997 1050 1120 2012 2296
8 358 447 598 920 990 2007 2241 2659
4 335 517 2191 2560
3 47 544 2604
6 338 1469 1663 1855 2040 2378
4 293 423 686 1912
7 315 1345 1541 1670 1860 2036 2298
14 20 440 531 565 586 734 799 1377 1465 1637 1798 1923 2419 2732
10 38 655 712 1254 1403 1549 1701 1913 2358 2643
3 217 706 2598
8 220 689 1624 1745 1885 2124 2356 2657
5 219 748 810 905 1356
5 363 1567 1897 2160 2522
4 102 483 1054 2418
3 173 2510 2765
7 0 596 1077 1195 1929 2229 2441
5 249 614 650 2292 2684
2 26 2325
10 190 852 956 1037 1461 1672 1841 2119 2349 2568
11 388 533 998 1163 1500 1607 1949 2066 2352 2581 2795
4 384 645 2410 2674
5 373 497 831 2460 2691
1 131
7 273 583 604 628 828 871 2704
7 100 915 1005 1790 1957 2220 2512
8 189 638 1158 1256 1470 2178 2345 2515
8 168 764 784 894 968 1046 1087 2530
4 169 1243 2214 2616
4 135 613 1711 1895
7 206 1376 1617 1789 1982 2237 2594
9 129 570 593 618 630 723 805 921 2022
4 372 718 754 2492
4 202 2080 2344 2542
4 333 676 2221 2442
9 272 496 510 804 870 943 1510 2304 2513
6 381 1480 1587 1688 2462 2697
10 89 424 1212 1272 1505 1615 1730 1944 2197 2475
8 157 1196 1339 1586 1812 2182 2404 2717
8 275 478 1295 1396 1673 1876 2147 2367
5 41 560 1338 2223 2445
13 180 576 607 622 699 1026 1384 1517 1700 1882 2027 2190 2355
5 321 1128 1829 2117 2458
2 291 2550
10 46 884 952 1010 1092 1213 1349 1926 2200 2340
15 382 508 538 644 681 1071 1141 1220 1299 1550 1778 1940 2123 2385 2699
2 307 2671
7 302 1270 1387 1492 1696 2044 2338
15 93 667 704 775 830 902 933 1156 1311 1530 1767 1854 2061 2351 2645
11 274 580 786 866 1278 1416 1554 1813 2033 2271 2545
4 221 449 2256 2647
8 218 479 555 581 1576 1675 2084 2335
8 2 1018 1561 1699 1843 2179 2493 2850
9 313 1058 1215 1297 1361 1818 1948 2379 2745
11 154 661 703 745 925 1199 1413 1566 2217 2370 2712
11 63 443 459 464 477 1309 1454 1608 1831 2142 2388
9 25 559 573 639 1086 1679 1892 2204 2537
7 29 808 1458 1605 1879 2162 2606
7 270 849 1723 1842 2151 2316 2696
3 216 2212 2457
11 396 673 898 1175 1241 1335 1423 1654 1916 2107 2374
4 287 904 1080 1245
6 390 715 774 827 1830 2489
4 319 1036 2210 2558
7 94 710 756 994 1119 1229 2601
10 114 521 693 741 770 1884 2058 2240 2456 2629
2 178 2347
4 8 564 1283 1382
3 228 2153 2447
6 369 432 534 1827 2064 2433
4 14 995 1161 2646
10 183 582 973 1066 1205 1322 1527 1743 2032 2315
11 6 783 900 1032 1159 1298 1488 1712 1963 2230 2596
9 240 1155 1222 1371 1518 1710 2008 2268 2500
3 309 893 2577
4 119 445 492 507
5 339 518 742 817 2392
3 236 1194 1450
8 318 1443 1591 1752 1901 2148 2398 2679
11 299 515 541 574 802 858 1590 1719 1984 2360 2687
14 122 554 587 605 685 1105 1180 1316 1471 1620 1738 1983 2364 2609
5 116 469 488 958 2353
4 247 527 1503 1656
6 106 1733 1894 2046 2511 2740
3 39 2363 2724
13 284 776 854 950 1008 1082 1169 1231 1434 1594 1891 2266 2658
12 285 567 1214 1271 1365 1507 1676 1930 2161 2294 2490 2735
6 17 869 944 1001 1324 2276
5 392 1390 1496 2222 2566
7 233 912 1064 1111 1176 1247 1494
6 317 437 462 1516 2278 2554
9 323 441 640 677 1293 1380 1524 2288 2623
7 280 1282 1370 1536 1704 1848 2709
8 56 917 1381 1546 1776 1978 2372 2716
2 88 2425
11 278 425 558 601 634 672 1100 1327 1433 1542 2507
7 48 949 1437 1602 1729 1986 2586
15 347 585 606 629 727 746 798 1074 1188 1407 1584 1698 1935 2245 2502
4 80 409 959 2638
5 362 1572 1795 2074 2725
9 108 755 771 1164 1353 1473 1639 1942 2309
6 95 1600 1740 1991 2227 2710
5 337 569 599 2218 2557
11 54 651 985 1063 1250 1363 1657 1822 2069 2320 2555
9 112 597 648 705 743 809 2088 2366 2708
8 82 530 546 1285 1468 1627 2125 2508
9 149 1011 1069 1441 1655 1786 1967 2150 2464
13 251 941 989 1059 1109 1198 1336 1402 1598 1702 2101 2343 2613
5 96 417 1716 1931 2079
3 132 1393 2677
12 113 864 979 1084 1138 1265 1404 1543 1742 1956 2168 2479
1 204
8 215 480 1506 1665 1779 2041 2228 2484
12 355 940 1023 1136 1236 1379 1499 1633 1791 2100 2396 2644
2 370 2630
1 298
8 211 463 797 840 961 1039 1179 1296
3 393 951 2541
5 136 509 1907 2132 2434
7 133 1223 1288 1545 1771 2070 2272
11 32 637 890 991 1332 1410 1559 1823 2154 2302 2668
5 263 457 504 656 2450
3 9 454 1171
3 194 1484 1592
9 279 413 1178 1391 1521 1777 2006 2498 2743
6 399 610 652 1515 1731 2051
10 171 428 691 736 772 823 856 1989 2267 2466
5 329 1596 1845 2282 2578
9 45 996 1107 1225 1418 1746 2002 2225 2516
14 174 414 482 824 855 1248 1389 1474 1597 1782 1971 2258 2463 2673
8 156 977 1030 1154 1264 2089 2314 2582
10 374 442 803 857 936 1021 1762 2026 2169 2532
0 
7 49 821 907 978 1783 2468 2718
