28 314 635 973 1381 1675 2039 2452 2801 3146 3516 3845 4148 4451 4742 5073 5385 5786 6152 6440 6756 7036 7424 7726 8071 8409 8725 9097 9473
27 71 358 766 1091 1501 1858 2197 2601 2888 3265 3654 4026 4381 4809 5157 5507 5829 6165 6503 6844 7215 7654 8030 8336 8747 9103 9431
28 208 580 883 1263 1670 2032 2385 2684 3041 3388 3723 3998 4297 4625 4985 5350 5722 6077 6458 6845 7142 7475 7773 8140 8446 8785 9102 9399
27 160 564 934 1277 1629 1934 2366 2732 3104 3396 3720 4051 4377 4679 5046 5392 5732 6127 6533 6886 7233 7561 7952 8338 8721 9171 9482
28 319 681 1076 1438 1798 2136 2464 2750 3040 3338 3657 4060 4399 4725 5075 5403 5703 6068 6368 6733 7038 7350 7713 8008 8371 8710 9083 9492
28 2 361 736 1087 1466 1808 2172 2481 2846 3165 3454 3770 4159 4456 4750 5146 5546 5906 6258 6627 7024 7451 7771 8060 8458 8863 9177 9556
29 143 400 737 1144 1520 1869 2210 2563 2966 3264 3637 4012 4365 4728 5111 5415 5759 6070 6383 6742 7052 7380 7676 7993 8300 8649 8950 9277 9607
28 120 571 938 1243 1560 1909 2299 2702 3005 3330 3664 4039 4361 4797 5143 5453 5844 6212 6591 6932 7300 7630 7937 8302 8670 8991 9362 9689
27 166 555 862 1180 1554 1891 2270 2686 3026 3394 3735 4073 4398 4726 5071 5452 5748 6058 6374 6739 7097 7405 7849 8224 8519 8868 9322
27 334 657 1028 1331 1718 2060 2343 2644 3034 3313 3688 3956 4299 4699 5012 5420 5727 6134 6545 7010 7381 7719 8073 8392 8790 9133 9508
27 281 696 1061 1378 1659 2001 2301 2655 2952 3311 3660 3985 4374 4700 5018 5348 5715 6086 6429 6777 7146 7491 7946 8273 8692 9048 9376
29 239 624 951 1318 1634 1921 2247 2591 2934 3245 3570 3872 4173 4514 4847 5215 5603 5949 6270 6569 7006 7368 7651 7955 8229 8582 8942 9259 9565
27 318 662 1004 1338 1742 2045 2364 2730 3007 3410 3781 4081 4496 4934 5217 5553 5885 6211 6622 6990 7401 7752 8080 8442 8748 9098 9384
27 156 578 901 1245 1525 1853 2213 2577 2955 3295 3677 3988 4336 4657 5047 5356 5720 6042 6382 6679 7087 7371 7818 8187 8540 8858 9336
28 49 429 754 1141 1512 1863 2261 2648 2999 3328 3642 3936 4316 4624 4978 5408 5763 6089 6406 6761 7091 7497 7831 8275 8595 8898 9212 9590
28 54 384 712 1048 1385 1748 2143 2487 2871 3190 3471 3826 4154 4488 4814 5266 5597 5924 6305 6699 7116 7383 7733 8032 8383 8695 9077 9356
28 140 379 748 1088 1429 1777 2141 2568 2912 3199 3565 3854 4189 4519 4885 5181 5572 6000 6394 6710 7060 7391 7814 8135 8426 8722 9029 9447
27 179 457 846 1210 1570 1885 2296 2640 3030 3451 3801 4138 4528 4897 5324 5687 5978 6323 6660 7020 7385 7667 8057 8430 8799 9189 9563
28 39 532 839 1157 1500 1844 2201 2643 2929 3266 3606 3882 4193 4629 4968 5329 5661 6045 6426 6771 7185 7522 7881 8176 8483 8812 9191 9629
28 24 387 720 1115 1486 1786 2112 2497 2905 3283 3596 3892 4183 4485 4854 5228 5536 5858 6251 6535 6919 7234 7625 7971 8360 8693 8985 9309
28 159 495 887 1169 1553 1855 2221 2537 2911 3198 3620 4027 4369 4696 5058 5374 5676 6016 6347 6690 7005 7302 7663 7995 8387 8781 9064 9432
28 169 475 881 1188 1508 1929 2325 2738 3071 3402 3754 4083 4440 4793 5103 5467 5796 6137 6501 6859 7208 7510 7843 8221 8508 8848 9149 9509
27 220 484 834 1216 1577 1926 2220 2554 2940 3234 3623 3910 4243 4590 4972 5306 5716 6049 6411 6778 7166 7599 7936 8350 8682 8979 9334
27 162 473 797 1143 1569 1880 2185 2527 2887 3200 3562 3932 4270 4589 5002 5351 5774 6094 6400 6794 7108 7452 7784 8146 8489 8830 9185
28 308 658 995 1305 1676 1993 2341 2723 3009 3353 3670 4054 4382 4667 5055 5397 5682 6005 6320 6652 6922 7248 7631 7954 8264 8572 9017 9386
28 80 434 788 1102 1408 1719 2115 2455 2827 3138 3449 3815 4202 4597 4943 5280 5611 6024 6349 6735 7049 7445 7822 8112 8450 8749 9045 9393
28 186 494 858 1173 1543 1847 2169 2495 2901 3293 3662 3964 4244 4653 5024 5375 5718 6062 6454 6750 7127 7469 7774 8111 8416 8780 9110 9458
28 155 416 744 1082 1392 1780 2192 2553 2932 3253 3535 3911 4262 4586 4887 5184 5494 5816 6209 6647 6929 7276 7653 8047 8408 8745 9122 9514
27 38 441 848 1191 1542 1861 2207 2588 2913 3320 3693 3992 4323 4697 5078 5433 5790 6159 6512 6896 7244 7737 8142 8512 8870 9200 9528
28 184 502 872 1199 1507 1842 2195 2491 2805 3161 3447 3803 4099 4512 4911 5227 5608 5986 6352 6716 7041 7402 7740 8069 8370 8694 9087 9523
27 59 526 817 1258 1557 1948 2289 2706 3069 3439 3751 4114 4481 4784 5098 5458 5764 6132 6517 6906 7205 7597 7969 8289 8658 8966 9330
28 82 478 831 1214 1575 1854 2149 2559 2910 3252 3652 3923 4204 4552 4953 5365 5738 6096 6428 6773 7086 7474 7823 8133 8482 8795 9202 9490
28 251 671 1014 1340 1625 1949 2302 2656 3037 3306 3655 4065 4540 4904 5243 5523 5825 6164 6536 6860 7209 7574 7939 8291 8720 9046 9349 9680
27 336 713 1042 1444 1815 2180 2507 2844 3150 3531 3960 4282 4684 4986 5333 5678 6026 6412 6708 7066 7414 7833 8121 8510 8874 9196 9553
28 102 423 777 1075 1427 1819 2126 2513 2797 3179 3581 3929 4255 4615 4979 5308 5664 6039 6343 6692 7058 7461 7810 8169 8485 8784 9127 9471
27 256 633 1000 1333 1673 1987 2446 2791 3171 3517 3830 4205 4538 4850 5236 5607 6027 6334 6723 7059 7400 7709 8054 8414 8828 9136 9513
27 282 588 911 1254 1598 1933 2239 2531 2834 3135 3488 3847 4234 4524 4881 5247 5649 6014 6341 6678 7029 7418 7791 8091 8439 8797 9214
27 320 603 967 1365 1711 2120 2468 2793 3127 3424 3790 4121 4449 4753 5091 5405 5851 6246 6584 6887 7191 7498 7894 8310 8684 9011 9307
28 44 404 710 1058 1412 1747 2133 2492 2843 3256 3631 3946 4310 4644 4960 5291 5592 5977 6282 6608 6994 7431 7863 8141 8548 8849 9137 9489
26 265 642 1012 1308 1661 1971 2316 2651 3036 3351 3724 4109 4504 4846 5238 5669 6033 6338 6717 7136 7473 7804 8100 8470 8802 9182
27 1 427 850 1138 1482 1806 2211 2630 2935 3255 3627 4041 4450 4765 5127 5510 5835 6141 6510 6868 7217 7615 7972 8295 8637 8924 9358
28 154 446 786 1106 1526 1859 2155 2462 2845 3205 3495 3819 4185 4592 4982 5354 5737 6101 6427 6796 7135 7427 7768 8081 8402 8732 9066 9433
29 149 481 810 1259 1595 1961 2326 2682 2982 3323 3663 4043 4372 4661 5019 5319 5642 5947 6291 6636 6905 7224 7576 7902 8286 8573 8909 9244 9653
27 87 415 752 1083 1475 1876 2200 2512 2807 3206 3559 4007 4354 4664 5031 5376 5695 6008 6350 6753 7101 7527 7910 8305 8635 8974 9364
26 296 664 1062 1369 1783 2123 2499 2897 3231 3668 4008 4343 4671 5037 5340 5754 6111 6483 6847 7186 7548 7896 8228 8560 8911 9348
27 89 517 920 1202 1490 1820 2260 2572 2896 3287 3638 4015 4413 4747 5116 5505 5852 6170 6489 6829 7161 7467 7867 8296 8663 8994 9372
27 349 638 952 1317 1722 2077 2411 2748 3121 3443 3789 4194 4501 4837 5241 5623 5936 6355 6715 7017 7362 7725 8056 8447 8755 9071 9438
28 127 421 724 1031 1323 1721 1991 2403 2812 3180 3550 3949 4237 4637 5009 5304 5714 6100 6391 6719 7054 7404 7754 8048 8438 8836 9159 9494
28 201 524 882 1181 1487 1803 2140 2471 2766 3120 3425 3827 4157 4535 4967 5303 5635 5929 6358 6671 6988 7378 7662 8046 8451 8792 9162 9459
29 152 438 778 1109 1416 1735 2076 2413 2726 3063 3450 3836 4248 4568 4913 5213 5543 5830 6144 6486 6793 7150 7524 7836 8130 8494 8879 9199 9576
28 174 453 816 1175 1492 1837 2246 2573 2886 3272 3593 3980 4313 4662 5014 5438 5731 6143 6437 6785 7229 7646 7951 8266 8623 8968 9268 9596
27 22 520 879 1183 1477 1919 2271 2581 2945 3302 3587 3994 4391 4749 5084 5427 5843 6139 6456 6806 7254 7640 8034 8401 8787 9140 9472
27 79 584 930 1269 1611 2018 2353 2680 2967 3413 3753 4153 4452 4819 5172 5502 5875 6241 6651 6986 7321 7735 8117 8420 8805 9181 9536
26 338 701 1010 1360 1688 2100 2516 2872 3220 3541 3939 4366 4779 5074 5445 5783 6106 6466 6797 7179 7463 7824 8225 8526 8949 9320
28 136 386 798 1137 1420 1758 2059 2400 2737 3093 3483 3804 4118 4508 4860 5207 5616 6011 6375 6682 7018 7322 7704 8126 8503 8794 9226 9614
27 310 623 940 1284 1609 2009 2319 2729 3163 3513 3833 4177 4510 4896 5279 5637 5996 6296 6662 7057 7327 7693 7985 8376 8754 9096 9457
27 122 477 875 1203 1593 1931 2309 2692 3049 3376 3679 4000 4318 4681 5027 5353 5726 6117 6502 6915 7312 7629 7942 8239 8630 8963 9319
28 209 525 860 1227 1591 1890 2262 2657 2981 3279 3619 3966 4347 4748 5100 5434 5767 6093 6436 6818 7177 7464 7865 8339 8626 8922 9225 9599
28 32 419 726 1081 1489 1826 2147 2571 2916 3243 3523 3841 4133 4478 4807 5185 5550 5930 6279 6673 7033 7409 7767 8101 8406 8699 9044 9405
28 345 689 996 1289 1654 1960 2355 2671 2965 3315 3659 4055 4394 4781 5168 5517 5863 6193 6566 6909 7269 7632 7956 8255 8565 8880 9219 9603
28 130 489 890 1290 1623 1998 2342 2693 3021 3387 3774 4120 4406 4704 5077 5382 5710 6074 6468 6864 7220 7555 7862 8215 8598 8941 9232 9544
27 112 579 897 1224 1514 1918 2310 2608 2989 3340 3699 4017 4338 4752 5072 5495 5870 6253 6637 7030 7423 7723 8125 8431 8737 9072 9442
29 223 558 892 1232 1536 1850 2227 2545 2865 3168 3591 3951 4271 4600 4932 5252 5567 5902 6259 6568 6863 7153 7443 7762 8122 8454 8767 9076 9475
29 151 504 819 1168 1531 1824 2101 2445 2755 3115 3509 3857 4251 4609 4950 5320 5641 5920 6276 6609 7016 7344 7665 7961 8281 8583 8915 9249 9581
27 50 353 799 1166 1485 1817 2130 2456 2833 3197 3561 3930 4328 4689 5022 5389 5736 6119 6507 6882 7271 7637 7940 8235 8591 8899 9315
28 64 458 759 1164 1494 1864 2243 2583 2963 3321 3611 3958 4265 4594 4917 5272 5584 5892 6239 6635 6993 7440 7780 8072 8473 8824 9178 9517
28 245 592 949 1352 1733 2049 2418 2773 3183 3527 3862 4147 4462 4818 5137 5580 5956 6277 6560 6963 7265 7636 7917 8243 8628 8928 9269 9571
27 254 516 844 1208 1604 1992 2391 2775 3172 3493 3820 4174 4474 4921 5299 5659 6055 6497 6810 7100 7490 7887 8227 8534 8855 9152 9539
28 289 577 929 1236 1523 1875 2228 2612 3050 3324 3646 3942 4315 4709 5079 5394 5734 6126 6420 6758 7070 7345 7660 8070 8382 8782 9186 9487
27 190 583 895 1264 1617 1943 2367 2759 3100 3505 3864 4228 4614 5005 5335 5645 5998 6289 6599 6979 7272 7727 8077 8453 8861 9209 9507
28 335 625 962 1251 1608 1952 2285 2596 2909 3224 3502 3887 4240 4580 4925 5311 5602 5934 6240 6552 6942 7313 7679 8093 8490 8829 9126 9554
27 175 451 878 1242 1558 1884 2206 2510 2937 3329 3743 4098 4423 4803 5211 5527 5950 6303 6701 7047 7377 7658 8013 8374 8761 9160 9529
27 219 606 924 1237 1579 1907 2183 2523 2889 3193 3518 3920 4329 4701 5032 5384 5780 6130 6471 6791 7164 7514 7945 8342 8687 8990 9346
28 12 448 849 1167 1566 1930 2240 2579 2924 3212 3542 3917 4221 4554 4867 5188 5539 5866 6167 6478 6827 7170 7517 7834 8178 8617 8954 9303
28 198 459 841 1230 1561 1928 2215 2541 2863 3239 3641 3914 4378 4738 5095 5414 5709 6073 6423 6727 7035 7388 7722 8094 8419 8815 9144 9464
28 262 618 966 1268 1599 1972 2290 2600 2942 3282 3578 3945 4268 4646 4983 5287 5666 6009 6340 6667 7025 7349 7671 8079 8437 8806 9245 9566
28 72 442 813 1158 1491 1799 2124 2437 2804 3151 3472 3768 4141 4435 4776 5093 5393 5769 6223 6578 6928 7314 7602 7970 8307 8708 9084 9394
27 287 616 1033 1373 1723 2024 2318 2607 3002 3412 3738 4086 4517 4874 5200 5576 5940 6304 6688 7043 7337 7656 8037 8380 8762 9117 9461
27 274 652 1026 1355 1669 2030 2370 2763 3067 3398 3747 4119 4506 4821 5196 5585 5908 6188 6618 6885 7158 7480 7788 8190 8530 8925 9341
28 113 531 916 1285 1592 2020 2408 2728 3080 3416 3726 4108 4470 4795 5162 5478 5805 6163 6462 6831 7211 7523 7874 8163 8525 8841 9193 9567
28 306 626 965 1304 1602 1950 2362 2705 3065 3434 3750 4050 4424 4813 5152 5473 5771 6146 6438 6734 7141 7542 7857 8162 8495 8820 9235 9568
27 75 476 853 1193 1641 2033 2357 2719 3048 3409 3721 4001 4355 4723 5131 5498 5883 6263 6565 6884 7222 7547 7988 8417 8803 9165 9547
27 341 636 989 1389 1698 2142 2502 2819 3241 3666 3943 4264 4584 4927 5244 5545 5915 6200 6581 6870 7195 7589 7919 8240 8580 8912 9275
27 269 645 1038 1359 1753 2108 2478 2823 3203 3546 3848 4165 4486 4849 5285 5561 5898 6245 6629 6985 7306 7705 8024 8356 8727 9085 9406
29 26 389 775 1156 1516 1881 2202 2592 3000 3331 3632 3933 4306 4635 4971 5362 5741 6071 6361 6674 6951 7282 7562 7929 8245 8545 8952 9262 9579
27 29 350 672 1049 1402 1749 2044 2414 2749 3114 3420 3722 4042 4371 4775 5115 5485 5871 6237 6549 6962 7370 7746 8200 8587 8962 9353
28 203 643 1036 1382 1809 2110 2552 2977 3284 3595 3969 4261 4695 5016 5316 5674 6002 6336 6668 7004 7343 7681 8006 8298 8639 8967 9289 9589
28 4 431 805 1207 1521 1856 2191 2488 2867 3294 3590 4025 4373 4672 5010 5352 5660 5945 6366 6741 7094 7446 7786 8143 8481 8838 9220 9605
28 315 707 1041 1391 1776 2146 2450 2747 3112 3501 3861 4146 4521 4833 5187 5528 5849 6129 6413 6746 7079 7441 7732 8049 8346 8724 9053 9455
28 52 501 866 1212 1640 2015 2329 2633 2996 3423 3816 4124 4448 4736 5169 5591 5868 6186 6562 6876 7226 7603 7947 8306 8648 8972 9331 9630
27 337 682 1064 1401 1690 2073 2424 2800 3177 3572 3968 4332 4702 5015 5342 5638 5993 6362 6689 7082 7417 7748 8033 8435 8771 9128 9538
27 180 537 963 1256 1580 1888 2225 2619 2974 3332 3692 4077 4491 4831 5142 5560 5928 6325 6657 6934 7258 7621 7980 8343 8759 9105 9403
26 339 691 1029 1336 1666 2094 2514 2939 3286 3633 4056 4380 4705 5057 5336 5694 6056 6492 6807 7131 7476 7877 8267 8665 8978 9323
27 272 610 1015 1349 1763 2075 2461 2762 3088 3520 3896 4222 4555 4900 5204 5582 5910 6226 6588 6937 7287 7587 7923 8218 8571 8997 9350
28 221 566 891 1179 1465 1846 2182 2484 2837 3173 3601 3947 4274 4613 4903 5239 5542 5904 6293 6653 6981 7336 7673 8068 8428 8714 9055 9373
27 271 560 923 1300 1671 1932 2263 2700 3027 3419 3834 4227 4534 4901 5260 5556 5913 6284 6625 6955 7325 7652 7997 8378 8774 9101 9429
28 16 388 711 1065 1405 1768 2135 2425 2779 3122 3475 3849 4214 4551 4910 5221 5549 5872 6182 6522 6855 7181 7494 7900 8241 8590 8937 9299
28 300 656 976 1287 1704 2080 2405 2758 3141 3555 3928 4229 4581 4912 5254 5551 5860 6154 6493 6852 7149 7481 7782 8104 8440 8811 9154 9534
28 76 368 783 1136 1428 1823 2181 2525 2866 3218 3585 3888 4236 4582 4908 5284 5564 5941 6247 6583 6925 7210 7586 7966 8299 8599 8953 9374
28 9 407 780 1159 1453 1771 2091 2469 2790 3129 3497 3880 4207 4550 4936 5327 5631 5911 6297 6611 6977 7386 7776 8177 8606 8944 9280 9593
28 93 512 814 1116 1576 1879 2238 2610 2950 3374 3697 4011 4345 4786 5104 5418 5706 6019 6345 6795 7120 7387 7692 8067 8457 8810 9247 9569
27 299 651 990 1409 1805 2106 2434 2731 3070 3382 3733 4123 4573 4886 5296 5571 5888 6197 6575 6941 7247 7617 7998 8324 8673 9006 9425
29 78 449 837 1135 1530 1889 2198 2550 2882 3263 3610 3890 4322 4666 5034 5417 5749 6118 6417 6769 7072 7406 7724 8022 8347 8660 8948 9251 9597
28 13 356 730 1035 1386 1707 2087 2412 2772 3073 3356 3680 4067 4433 4810 5141 5617 5959 6264 6603 7000 7340 7638 7992 8340 8750 9099 9444
29 111 497 865 1329 1646 1942 2267 2566 2946 3296 3628 4033 4341 4665 5011 5345 5701 5990 6290 6613 6904 7189 7583 7880 8214 8552 8885 9243 9626
27 222 660 985 1330 1714 2042 2387 2794 3133 3504 3853 4155 4516 4824 5151 5491 5802 6176 6586 6881 7252 7622 7999 8332 8686 9030 9392
29 110 461 768 1120 1421 1734 2046 2361 2685 3019 3345 3780 4110 4432 4774 5140 5472 5803 6158 6540 6830 7132 7505 7815 8129 8463 8906 9286 9615
28 135 405 790 1145 1462 1839 2244 2617 3023 3301 3625 3989 4370 4758 5101 5504 5826 6123 6476 6822 7200 7504 7798 8152 8466 8793 9108 9452
28 77 365 694 1111 1452 1779 2125 2466 2741 3170 3526 3979 4298 4618 4899 5210 5570 5865 6207 6592 6872 7207 7520 7931 8283 8624 9025 9417
27 148 569 918 1327 1700 2065 2458 2813 3148 3477 3863 4172 4466 4879 5224 5520 5877 6261 6576 6998 7357 7743 8098 8398 8773 9223 9587
26 302 709 1067 1455 1818 2209 2557 2906 3226 3540 3902 4218 4640 4962 5343 5740 6166 6439 6711 7081 7398 7775 8115 8555 8852 9222
28 10 399 686 1006 1350 1665 2021 2321 2679 3006 3397 3741 4102 4411 4715 5065 5421 5873 6168 6474 6812 7145 7559 7866 8202 8584 8951 9379
29 70 408 740 1072 1440 1740 2071 2406 2751 3061 3429 3739 4186 4483 4789 5164 5557 5935 6238 6624 6961 7348 7689 8038 8377 8723 9009 9317 9647
28 176 552 854 1270 1578 1944 2314 2615 2990 3305 3598 3970 4314 4675 5008 5289 5626 5995 6407 6817 7134 7416 7755 8061 8379 8679 9033 9397
27 81 444 843 1171 1546 1946 2306 2677 3081 3369 3719 4088 4408 4782 5110 5462 5753 6175 6546 6959 7310 7601 7915 8272 8600 9001 9312
28 106 391 721 1139 1495 1895 2217 2548 2825 3164 3583 3955 4280 4563 4941 5278 5588 5923 6260 6605 6999 7355 7761 8171 8468 8791 9130 9450
27 204 590 941 1279 1638 2047 2477 2829 3250 3532 3835 4143 4543 4823 5234 5525 5879 6225 6646 7002 7361 7669 7965 8285 8657 9040 9377
26 309 597 1022 1356 1677 2035 2379 2769 3089 3406 3802 4092 4438 4733 5102 5589 5939 6354 6695 7104 7503 7825 8197 8562 8901 9333
28 104 474 787 1118 1449 1782 2070 2431 2840 3143 3563 3881 4188 4546 4877 5253 5650 5972 6405 6751 7139 7500 7860 8249 8563 8920 9231 9558
27 311 697 1086 1519 1845 2127 2560 2878 3274 3554 3907 4223 4561 4884 5186 5586 5952 6312 6659 7074 7352 7745 8062 8373 8691 9139 9493
28 205 557 868 1213 1518 1812 2203 2544 2922 3268 3589 4028 4324 4650 4987 5341 5684 6003 6348 6640 7021 7393 7664 8019 8314 8709 9062 9422
28 165 466 827 1247 1573 1959 2356 2641 2969 3312 3588 3879 4266 4576 4905 5292 5723 6098 6399 6738 7078 7399 7700 8043 8367 8731 9100 9453
28 27 412 818 1200 1587 1988 2350 2650 2975 3270 3594 3916 4210 4545 4843 5191 5461 5815 6205 6615 6967 7250 7564 7899 8276 8640 8977 9351
28 6 462 802 1094 1406 1784 2219 2604 2931 3242 3621 4022 4468 4864 5225 5596 5916 6231 6524 6846 7128 7477 7826 8260 8613 8940 9278 9657
27 323 647 950 1299 1657 1974 2384 2708 3078 3393 3742 4094 4549 4954 5273 5620 5907 6172 6485 6833 7178 7501 7884 8294 8653 8982 9335
26 250 547 993 1387 1731 2066 2398 2760 3188 3636 3971 4364 4740 5148 5465 5756 6115 6505 6926 7260 7642 7932 8333 8659 9015 9419
28 259 678 980 1281 1709 2074 2438 2761 3099 3421 3756 4049 4425 4769 5096 5481 5859 6192 6494 6873 7227 7604 7962 8318 8674 9059 9371 9654
27 215 581 927 1324 1648 1984 2335 2672 3001 3375 3778 4161 4544 4902 5237 5568 5942 6344 6780 7171 7484 7840 8204 8537 8896 9229 9552
29 36 352 688 1017 1328 1684 1997 2320 2664 3051 3368 3700 4031 4330 4724 5088 5388 5832 6162 6499 6834 7246 7538 7852 8254 8661 8970 9266 9658
27 301 679 1024 1413 1830 2138 2538 2851 3140 3512 3795 4112 4422 4711 5112 5412 5797 6271 6632 6972 7264 7661 8050 8410 8705 9095 9404
27 236 608 1047 1467 1775 2179 2505 2854 3194 3552 3899 4168 4527 4826 5229 5590 5878 6229 6602 6997 7372 7698 8029 8369 8734 9121 9439
28 307 627 947 1315 1693 2085 2369 2780 3189 3482 3785 4125 4547 4842 5154 5463 5810 6216 6543 6935 7219 7592 7977 8301 8615 8903 9216 9570
28 90 443 763 1129 1479 1792 2189 2599 2936 3267 3618 3915 4191 4511 4898 5220 5518 5827 6135 6464 6858 7148 7450 7841 8226 8578 8904 9281
27 153 589 942 1357 1692 2113 2564 2891 3262 3656 3934 4245 4577 4924 5259 5619 5969 6300 6665 6969 7434 7793 8131 8427 8796 9201 9518
27 292 692 1073 1411 1762 2102 2393 2824 3192 3524 3869 4171 4503 4906 5258 5651 6023 6360 6705 7048 7359 7717 8154 8535 8926 9276 9622
29 146 396 758 1093 1436 1752 2025 2340 2757 3047 3372 3702 4038 4384 4708 5051 5344 5681 6021 6353 6800 7105 7435 7760 8078 8521 8871 9173 9557
27 304 615 903 1282 1658 2004 2338 2721 3033 3370 3728 4085 4441 4836 5269 5615 5932 6242 6594 6903 7262 7613 7928 8208 8564 8923 9264
28 116 411 800 1133 1481 1862 2280 2578 2920 3235 3556 3901 4302 4687 5020 5332 5640 5943 6280 6561 6857 7183 7525 7886 8270 8633 8996 9366
28 297 714 1078 1451 1756 2034 2332 2660 2991 3326 3609 4079 4484 4787 5139 5497 5897 6256 6610 6899 7238 7581 7897 8201 8492 8878 9183 9506
28 173 511 826 1155 1448 1822 2152 2472 2848 3178 3487 3865 4235 4532 4876 5267 5644 5981 6328 6748 7077 7390 7720 8107 8436 8728 9070 9412
28 144 450 774 1126 1463 1764 2099 2459 2809 3182 3586 3954 4308 4647 5039 5476 5853 6249 6612 6894 7288 7649 8045 8344 8713 9020 9310 9636
28 171 420 747 1092 1415 1838 2196 2476 2784 3068 3335 3782 4126 4539 4894 5246 5569 5965 6310 6649 7027 7366 7729 8099 8396 8696 9058 9365
27 342 659 956 1310 1606 1977 2281 2654 3044 3401 3717 4087 4447 4859 5201 5547 5918 6273 6604 6952 7295 7626 8010 8368 8688 9012 9340
28 58 357 674 994 1302 1620 1910 2249 2558 2868 3258 3577 3996 4340 4651 5067 5410 5739 6060 6537 6895 7241 7598 7885 8232 8513 8887 9233
27 347 640 932 1316 1662 2029 2363 2718 3053 3444 3831 4128 4522 4870 5199 5516 5800 6109 6461 6801 7154 7496 7845 8181 8558 8893 9300
28 207 499 833 1190 1549 1865 2184 2509 2820 3147 3448 3800 4164 4560 4835 5178 5492 5861 6171 6579 6913 7316 7678 8014 8415 8831 9158 9515
28 161 573 910 1211 1537 1878 2275 2567 2926 3219 3528 3908 4319 4713 5059 5338 5752 6083 6451 6840 7236 7575 7901 8257 8543 8869 9142 9460
28 246 542 921 1292 1713 2056 2354 2688 3045 3392 3734 4036 4327 4648 4977 5277 5630 5980 6330 6696 7013 7342 7706 8058 8522 8839 9204 9545
29 63 422 832 1223 1547 1925 2230 2580 2928 3290 3575 3858 4198 4526 4863 5182 5468 5784 6075 6404 6730 7083 7363 7688 8044 8386 8760 9125 9470
27 182 587 896 1276 1615 1996 2292 2625 3020 3367 3716 4053 4362 4794 5198 5558 5850 6228 6628 7022 7364 7744 8128 8538 8927 9258 9608
27 325 661 1030 1326 1651 2050 2426 2864 3211 3576 4009 4339 4718 5086 5426 5743 6092 6377 6706 7051 7442 7777 8066 8393 8756 9176 9516
27 235 493 900 1235 1636 1964 2298 2594 2943 3246 3629 4032 4379 4717 5036 5381 5755 6155 6448 6828 7202 7571 8005 8366 8712 9078 9428
27 181 540 964 1376 1717 2007 2372 2698 3079 3364 3745 4070 4414 4805 5118 5422 5775 6199 6564 6983 7356 7696 8092 8400 8772 9184 9530
27 34 436 760 1084 1493 1882 2208 2611 3055 3360 3764 4149 4495 4882 5190 5540 5889 6292 6607 6996 7315 7715 8138 8499 8837 9187 9484
27 124 496 857 1334 1683 1967 2273 2703 3018 3391 3814 4117 4465 4875 5218 5531 5896 6298 6614 6970 7303 7628 7922 8231 8602 9028 9352
28 231 576 935 1234 1571 1886 2173 2631 3082 3476 3822 4113 4436 4744 5144 5526 5917 6222 6620 6893 7268 7608 7981 8282 8592 8956 9305 9651
27 326 604 978 1370 1732 2109 2489 2826 3145 3433 3775 4076 4445 4759 5129 5416 5757 6081 6527 6898 7275 7682 8055 8474 8801 9093 9415
28 164 480 804 1125 1442 1831 2163 2503 2830 3191 3530 3876 4246 4578 4994 5379 5702 6051 6333 6714 7003 7339 7785 8193 8486 8817 9119 9445
27 330 725 1150 1572 1954 2339 2695 2979 3325 3607 3952 4239 4556 4868 5249 5555 5869 6224 6541 6832 7126 7530 7891 8263 8620 8983 9326
27 85 367 723 1110 1400 1814 2237 2539 2907 3269 3634 3909 4254 4655 5028 5368 5724 6047 6393 6691 7067 7488 7770 8118 8575 8895 9254
29 170 514 794 1121 1470 1794 2097 2460 2847 3137 3460 3873 4233 4565 4862 5209 5598 5971 6301 6670 6987 7305 7697 8041 8372 8644 9007 9284 9646
28 88 377 776 1124 1417 1801 2153 2465 2856 3207 3545 3859 4215 4632 4996 5372 5821 6236 6531 6869 7237 7633 7938 8278 8581 8865 9292 9591
28 286 630 987 1322 1626 2003 2328 2646 3016 3383 3708 4029 4342 4680 4966 5315 5696 5999 6302 6707 7008 7330 7778 8156 8527 8826 9194 9480
28 114 410 734 1070 1388 1681 2048 2349 2687 3017 3358 3673 4035 4467 4790 5122 5521 5922 6326 6740 7045 7396 7741 8084 8388 8701 9031 9391
27 279 593 953 1217 1594 1957 2259 2712 3096 3539 3905 4209 4575 4923 5222 5529 5966 6339 6669 7015 7411 7758 8114 8497 8866 9237 9582
27 328 663 1005 1313 1650 2022 2337 2669 2997 3352 3706 4062 4405 4730 5087 5460 5842 6220 6570 6891 7172 7459 7830 8153 8514 8847 9248
27 139 533 847 1307 1631 1976 2287 2649 3042 3366 3755 4179 4564 4952 5275 5633 5954 6257 6558 6889 7204 7570 7935 8279 8569 8999 9298
28 232 518 960 1337 1621 1902 2255 2586 2948 3259 3551 3867 4317 4643 4957 5328 5648 5970 6285 6598 6980 7320 7607 7924 8216 8596 8984 9273
26 275 575 1051 1410 1712 2093 2423 2850 3185 3533 3884 4301 4706 5054 5440 5804 6125 6509 6805 7293 7756 8075 8449 8742 9120 9435
29 83 426 741 1090 1447 1813 2151 2474 2890 3169 3510 3811 4140 4493 4783 5134 5443 5765 6128 6467 6784 7069 7454 7839 8183 8480 8845 9150 9519
27 228 536 863 1194 1541 1840 2241 2597 2987 3336 3710 4122 4583 4891 5192 5566 5894 6252 6539 6874 7213 7529 7855 8145 8586 9026 9395
28 109 364 680 984 1390 1680 2037 2375 2739 3054 3407 3725 4097 4397 4785 5109 5512 5909 6274 6577 6902 7307 7680 8017 8357 8726 9051 9502
28 216 539 851 1151 1468 1877 2157 2470 2754 3162 3544 3843 4190 4520 4857 5274 5652 6040 6398 6774 7168 7558 7893 8172 8506 8892 9304 9640
27 211 513 969 1255 1584 1899 2226 2520 2836 3232 3507 3975 4285 4595 4997 5331 5712 6104 6388 6675 7109 7540 7853 8261 8627 9000 9398
28 145 432 735 1122 1473 1828 2265 2618 2978 3310 3613 3978 4305 4719 5038 5322 5675 6006 6441 6770 7115 7509 7856 8217 8505 8842 9188 9499
27 213 521 852 1267 1652 2017 2324 2613 2961 3347 3683 4106 4396 4720 5089 5391 5735 6076 6359 6819 7197 7541 7908 8252 8683 9114 9413
27 101 486 830 1215 1510 1917 2251 2622 2941 3390 3776 4052 4404 4755 5063 5402 5836 6147 6449 6803 7201 7544 7888 8271 8690 9014 9430
27 86 382 676 1025 1363 1708 2027 2416 2799 3229 3549 3856 4288 4621 4984 5337 5747 6138 6526 6973 7326 7739 8086 8394 8719 9073 9418
28 131 439 750 1113 1445 1761 2194 2490 2875 3254 3567 3987 4359 4698 5017 5404 5758 6116 6574 6923 7285 7610 7904 8212 8518 8921 9282 9578
28 45 355 733 1077 1461 1796 2131 2473 2839 3166 3602 3962 4356 4673 5041 5409 5761 6095 6403 6779 7123 7502 7816 8136 8471 8798 9134 9448
28 53 472 856 1160 1464 1807 2121 2433 2859 3158 3474 3898 4187 4570 4944 5295 5677 5963 6295 6639 6917 7354 7751 8182 8487 8891 9206 9533
28 67 492 869 1219 1538 1897 2269 2569 2904 3181 3452 3796 4071 4442 4811 5180 5487 5834 6156 6513 6842 7198 7572 7927 8321 8715 9168 9550
28 295 639 999 1380 1726 2086 2401 2814 3174 3560 3895 4232 4604 4922 5305 5654 5957 6234 6544 6848 7199 7512 7895 8205 8546 8856 9153 9446
27 158 601 909 1228 1600 1985 2305 2635 2976 3299 3682 4048 4393 4731 5052 5358 5662 6031 6425 6765 7138 7453 7805 8150 8608 9002 9301
28 126 456 803 1123 1399 1705 2095 2380 2675 2993 3385 3729 4005 4309 4721 5060 5386 5795 6090 6401 6768 7157 7456 7809 8166 8609 8961 9343
28 68 602 889 1265 1644 1956 2235 2616 2960 3261 3694 3991 4290 4605 4991 5330 5663 6018 6379 6700 7055 7422 7842 8164 8524 8859 9203 9510
28 37 363 665 1027 1422 1770 2170 2542 2874 3249 3564 3897 4166 4460 4792 5124 5470 5807 6283 6641 6968 7347 7686 8021 8385 8677 9050 9400
28 270 586 936 1262 1619 1989 2359 2715 3101 3400 3752 4075 4415 4751 5145 5482 5801 6108 6469 6808 7165 7519 7792 8192 8523 8846 9166 9479
27 46 401 784 1149 1567 1892 2272 2627 3057 3359 3746 4045 4400 4838 5193 5469 5751 6088 6481 6877 7298 7627 8015 8424 8776 9156 9537
27 225 598 1008 1374 1745 2055 2420 2817 3223 3624 3938 4283 4619 4907 5251 5578 5960 6315 6642 7012 7420 7789 8103 8477 8850 9179 9496
28 313 698 1011 1351 1653 2041 2402 2783 3075 3373 3713 4084 4499 4800 5183 5511 5857 6195 6573 6880 7180 7460 7808 8106 8488 8860 9218 9618
27 189 485 884 1222 1524 1953 2307 2620 3003 3381 3696 4080 4428 4822 5206 5559 5967 6307 6697 6982 7281 7563 7847 8246 8605 8995 9375
28 96 455 761 1054 1439 1759 2107 2442 2753 3028 3422 3813 4241 4606 4974 5355 5688 6025 6386 6825 7214 7493 7797 8120 8478 8783 9163 9474
27 214 554 855 1146 1432 1754 2159 2517 2798 3214 3626 4013 4426 4771 5138 5479 5886 6169 6519 6943 7263 7666 8051 8441 8764 9143 9521
28 244 549 899 1275 1672 1970 2373 2727 3022 3317 3732 4116 4497 4919 5283 5647 6044 6346 6728 7096 7394 7730 8123 8421 8717 9024 9302 9621
28 105 425 809 1134 1527 1868 2252 2565 2860 3149 3445 3773 4111 4421 4777 5123 5439 5813 6204 6644 7028 7373 7764 8090 8455 8840 9146 9462
28 23 383 739 1108 1502 1893 2234 2652 2957 3308 3685 4082 4389 4712 5013 5326 5665 6032 6482 6813 7169 7526 7813 8161 8469 8779 9161 9548
27 264 570 908 1312 1660 1937 2254 2587 2900 3271 3558 3944 4334 4688 4989 5373 5667 5992 6313 6759 7152 7478 7801 8180 8531 8905 9306
27 33 360 785 1196 1540 1848 2278 2667 3031 3430 3759 4069 4419 4853 5250 5673 5994 6432 6782 7182 7485 7871 8160 8520 8867 9208 9524
27 47 595 945 1347 1791 2104 2532 2894 3349 3674 3986 4303 4628 4955 5395 5699 6035 6365 6676 7019 7479 7783 8148 8476 8835 9174 9549
28 95 413 693 1003 1367 1682 1981 2313 2689 3064 3462 3787 4220 4566 4976 5290 5719 6059 6430 6749 7140 7465 7846 8175 8515 8854 9138 9546
27 263 628 970 1291 1697 2008 2396 2822 3134 3519 3824 4151 4471 4770 5107 5552 5927 6337 6681 7061 7470 7811 8158 8443 8758 9082 9443
28 212 607 959 1306 1685 2038 2415 2742 3123 3427 3855 4152 4542 4895 5179 5471 5766 6136 6508 6892 7225 7551 7958 8288 8625 8971 9338 9663
28 293 591 937 1249 1635 1963 2276 2606 2958 3300 3661 4044 4439 4743 5135 5435 5768 6112 6498 6835 7129 7433 7794 8137 8456 8864 9241 9562
29 117 393 699 1055 1395 1679 2072 2482 2811 3152 3571 3948 4256 4633 4948 5301 5628 6067 6455 6752 7031 7346 7659 8035 8327 8638 9032 9363 9669
29 73 612 933 1250 1559 1904 2268 2609 2918 3213 3529 3828 4178 4477 4778 5121 5490 5791 6120 6550 6976 7332 7684 7979 8326 8676 9043 9378 9661
27 40 354 755 1050 1346 1663 2036 2449 2816 3248 3701 4020 4335 4645 4993 5309 5690 6034 6463 6850 7232 7534 7872 8259 8553 8934 9359
28 157 519 820 1195 1596 1936 2277 2605 2972 3348 3669 4030 4375 4766 5132 5488 5809 6124 6443 6766 7130 7468 7769 8095 8411 8718 9067 9434
28 107 397 731 1127 1503 1911 2214 2504 2858 3204 3480 3797 4197 4523 4828 5202 5544 5840 6201 6595 7009 7319 7738 8191 8566 8932 9257 9588
27 195 487 806 1117 1515 1905 2248 2598 2995 3405 3749 4105 4473 4817 5205 5575 5901 6286 6694 6991 7274 7650 7983 8359 8739 9052 9390
29 224 596 972 1296 1614 2013 2322 2659 2973 3281 3640 3961 4292 4611 4961 5255 5653 5961 6268 6553 6954 7323 7612 7996 8323 8612 8957 9288 9633
27 332 669 1079 1498 1841 2224 2585 2951 3251 3616 3906 4250 4626 4920 5256 5595 5891 6233 6530 6975 7259 7594 7994 8353 8743 9091 9407
28 100 418 753 1071 1419 1894 2308 2623 2962 3355 3727 4059 4463 4852 5171 5464 5772 6091 6434 6788 7124 7557 7921 8269 8577 8889 9210 9497
28 62 366 704 1095 1424 1767 2103 2485 2774 3076 3453 3809 4107 4388 4816 5161 5475 5847 6262 6597 6965 7256 7578 8003 8329 8655 9056 9383
28 242 538 943 1271 1643 1966 2286 2636 2933 3222 3557 3924 4326 4676 5033 5323 5697 5985 6373 6755 7088 7472 7835 8134 8498 8825 9190 9583
29 25 468 793 1154 1505 1829 2119 2486 2792 3085 3389 3698 4103 4416 4768 5128 5446 5792 6102 6488 6783 7068 7439 7803 8124 8501 8875 9261 9623
28 193 509 836 1239 1610 2006 2334 2628 3059 3446 3823 4163 4502 4845 5153 5515 5838 6219 6590 6946 7297 7584 7990 8315 8654 8936 9236 9609
28 19 376 782 1128 1434 1836 2176 2493 2795 3106 3414 3715 4057 4376 4739 5117 5459 5770 6107 6480 6837 7167 7611 7926 8364 8678 9111 9440
25 283 649 979 1426 1760 2187 2496 2883 3186 3538 3868 4272 4652 5069 5363 5782 6174 6547 6908 7280 7600 7959 8320 8766 9107
27 260 600 974 1341 1649 1951 2344 2714 3095 3438 3758 4072 4409 4844 5167 5548 5938 6267 6572 6897 7206 7536 7968 8251 8585 8943 9325
27 321 668 1013 1321 1691 2005 2389 2778 3132 3494 3860 4170 4571 4869 5197 5562 5991 6308 6621 7011 7304 7711 8074 8418 8822 9157 9481
27 168 572 877 1238 1647 1938 2368 2699 3012 3361 3718 4023 4401 4801 5158 5474 5884 6288 6650 7050 7341 7685 7975 8348 8707 9008 9329
28 150 551 915 1192 1564 1857 2150 2498 2828 3176 3573 3963 4289 4659 5001 5312 5621 5962 6275 6557 6907 7308 7593 7949 8322 8685 9013 9463
27 227 535 888 1294 1637 1939 2279 2678 3072 3418 3791 4158 4429 4812 5240 5574 5946 6319 6698 7053 7436 7812 8198 8576 8935 9291 9600
27 97 529 885 1273 1622 2011 2358 2676 3124 3465 3767 4130 4410 4754 5130 5514 5856 6149 6487 6841 7228 7614 7976 8365 8668 9018 9381
27 288 675 1037 1433 1739 2122 2526 2919 3277 3592 3974 4307 4642 5040 5407 5733 6131 6465 6790 7147 7499 7838 8149 8460 8843 9215 9503
28 192 479 764 1131 1404 1699 2088 2430 2806 3117 3470 3838 4180 4548 4861 5233 5577 5882 6335 6709 7103 7437 7819 8155 8532 8884 9180 9520
28 69 359 772 1114 1450 1757 2111 2549 2869 3244 3635 4034 4386 4692 5003 5321 5643 5983 6356 6722 7106 7382 7721 8132 8461 8872 9228 9572
29 316 666 1063 1396 1695 1968 2304 2658 2947 3288 3566 3973 4304 4622 4889 5226 5534 5912 6235 6563 6966 7328 7668 7964 8256 8588 8907 9230 9535
27 138 470 823 1153 1552 1914 2266 2638 2964 3292 3604 3918 4275 4617 4981 5371 5777 6114 6475 6804 7192 7573 7911 8331 8669 9016 9354
27 247 614 922 1252 1618 1922 2264 2590 2914 3247 3584 3893 4252 4631 5004 5366 5680 5974 6378 6687 7026 7457 7850 8222 8632 9037 9361
28 56 369 708 1023 1361 1702 2028 2392 2743 3066 3437 3825 4203 4601 4992 5297 5594 6052 6364 6745 7159 7483 7873 8147 8533 8930 9265 9666
28 84 582 928 1325 1741 2063 2376 2668 3098 3417 3757 4093 4482 4806 5133 5466 5773 6161 6496 6809 7193 7535 7864 8220 8559 8914 9213 9525
27 61 445 779 1205 1535 1860 2295 2673 3084 3403 3799 4293 4598 4945 5317 5613 5919 6227 6559 6918 7273 7635 8000 8280 8629 9061 9408
26 333 789 1080 1414 1744 2062 2417 2803 3105 3459 3821 4253 4636 5061 5398 5781 6191 6571 6890 7243 7609 8018 8407 8778 9118 9476
27 294 637 946 1278 1630 1906 2312 2661 2944 3404 3761 4061 4476 4839 5231 5541 5895 6232 6580 6960 7430 7759 8113 8395 8770 9109 9427
28 298 654 1016 1368 1687 2023 2371 2701 3090 3473 3793 4192 4505 4820 5147 5499 5788 6099 6414 6747 7075 7367 7763 8042 8403 8746 9113 9477
28 128 483 825 1176 1480 1810 2156 2522 2835 3230 3622 4047 4417 4761 5163 5484 5798 6185 6515 6826 7188 7508 7821 8165 8539 8876 9167 9560
28 172 503 840 1225 1550 1947 2236 2589 3004 3309 3651 3922 4311 4620 4963 5288 5624 5937 6311 6633 6921 7218 7616 7913 8345 8704 9131 9501
28 11 463 902 1226 1588 1871 2233 2593 2902 3228 3579 3935 4295 4593 4928 5314 5683 6054 6402 6798 7173 7495 7800 8108 8507 8851 9239 9601
28 284 653 968 1354 1724 2067 2428 2724 3116 3440 3810 4156 4489 4798 5136 5537 5899 6243 6658 6978 7365 7707 8001 8317 8614 8959 9294 9606
28 8 385 767 1101 1454 1873 2216 2533 2923 3333 3665 4010 4348 4678 5007 5429 5729 6105 6477 6824 7223 7569 7882 8223 8544 8890 9221 9531
28 248 655 981 1319 1642 2105 2395 2756 3043 3456 3806 4115 4458 4791 5126 5454 5812 6097 6459 6729 7117 7415 7728 8036 8363 8680 9041 9345
28 3 390 719 1100 1407 1716 2054 2382 2785 3125 3582 3875 4216 4515 4858 5212 5565 5876 6181 6538 6888 7257 7567 7907 8304 8671 8992 9313
28 134 375 690 1043 1379 1720 2083 2397 2777 3196 3568 3886 4200 4588 4969 5367 5721 6048 6444 6760 7056 7374 7714 8089 8429 8729 9065 9451
28 206 467 749 1046 1366 1706 2117 2454 2752 3086 3514 3891 4217 4533 4947 5339 5730 6010 6332 6656 6971 7290 7675 7960 8293 8700 9038 9339
28 233 534 873 1189 1551 1874 2199 2524 2857 3298 3600 3894 4331 4639 4949 5359 5707 6001 6390 6718 7112 7515 7787 8139 8502 8800 9086 9500
28 267 528 829 1182 1562 1982 2283 2595 2884 3184 3479 3852 4213 4670 5006 5423 5728 6046 6424 6763 7110 7492 7844 8170 8493 8832 9132 9437
28 28 381 715 1020 1339 1788 2132 2451 2746 3058 3485 3844 4129 4513 4871 5166 5614 5997 6342 6666 7001 7324 7731 8063 8412 8775 9112 9511
27 258 527 870 1218 1645 2026 2419 2782 3155 3469 3808 4169 4457 4772 5119 5449 5845 6202 6600 6875 7277 7647 8004 8413 8769 9124 9469
28 14 402 751 1053 1344 1715 1983 2352 2740 3029 3432 3763 4144 4567 4914 5264 5671 6028 6327 6713 7121 7539 7807 8157 8549 8908 9260 9619
29 132 394 716 1112 1423 1833 2177 2546 2880 3225 3506 3829 4145 4525 4918 5271 5658 6020 6316 6619 6940 7375 7648 8027 8351 8645 9021 9324 9677
27 241 609 944 1295 1632 1958 2311 2674 3126 3521 3837 4287 4663 5021 5325 5605 5948 6278 6589 6957 7286 7605 7925 8354 8738 9068 9389
28 30 548 845 1260 1605 1979 2317 2647 3038 3342 3676 3977 4258 4599 4939 5232 5601 5951 6372 6677 7007 7289 7590 7892 8268 8550 8945 9311
29 20 433 791 1105 1476 1849 2218 2555 2841 3160 3496 3900 4249 4608 4933 5216 5524 5855 6214 6529 6879 7283 7619 7934 8319 8636 8993 9279 9634
27 187 563 859 1147 1478 1790 2161 2467 2768 3083 3436 3851 4278 4685 5025 5380 5806 6194 6638 7039 7412 7736 8109 8484 8788 9151 9467
27 278 646 991 1383 1755 2098 2440 2781 3202 3612 3993 4392 4741 5068 5390 5744 6110 6395 6737 7065 7421 7718 8059 8448 8833 9192 9586
27 98 370 667 998 1348 1701 2148 2547 2949 3378 3675 4002 4351 4714 5050 5450 5839 6213 6686 7040 7413 7749 8053 8361 8675 9027 9388
28 65 430 771 1099 1458 1852 2212 2629 2986 3354 3672 4037 4475 4827 5155 5431 5760 6150 6514 6936 7278 7549 7851 8167 8462 8768 9060 9420
28 51 362 677 1034 1353 1678 2058 2421 2720 3092 3411 3714 4095 4434 4757 5082 5432 5814 6122 6422 6772 7098 7447 7828 8207 8554 8931 9411
27 199 508 822 1221 1533 1872 2303 2681 3052 3455 3788 4135 4459 4825 5214 5563 5955 6281 6617 6927 7331 7639 7950 8265 8601 8998 9344
27 238 510 912 1314 1667 2078 2404 2789 3103 3489 3903 4206 4557 4946 5265 5609 6053 6367 6754 7092 7384 7766 8195 8529 8886 9240 9613
27 202 574 864 1231 1563 1913 2204 2556 2915 3237 3630 3965 4333 4649 5030 5483 5880 6218 6511 6958 7379 7716 8040 8384 8753 9079 9424
27 340 700 992 1342 1686 2000 2282 2626 2980 3273 3658 4064 4390 4745 5056 5424 5713 6007 6314 6643 7042 7392 7829 8230 8616 8919 9271
29 18 482 808 1186 1556 1843 2144 2429 2815 3217 3569 3889 4211 4509 4802 5125 5413 5725 6072 6491 6799 7125 7428 7772 8196 8542 8897 9238 9584
28 167 546 919 1301 1603 2061 2501 2925 3233 3548 3874 4199 4591 4892 5230 5533 5864 6198 6520 6851 7184 7531 7837 8188 8504 8853 9198 9542
27 348 745 1142 1472 1769 2175 2511 2787 3157 3574 3850 4273 4603 4909 5276 5646 5953 6287 6593 6984 7358 7672 8085 8496 8882 9252 9573
28 125 437 722 1057 1469 1816 2193 2534 2862 3236 3515 3912 4279 4623 4942 5334 5672 6030 6389 6762 7155 7455 7779 8209 8475 8818 9246 9592
27 346 702 1068 1437 1787 2190 2530 2881 3159 3543 3950 4337 4693 5026 5387 5691 6057 6447 6776 7111 7376 7657 7984 8358 8752 9094 9456
26 285 648 1018 1320 1668 1973 2327 2690 3032 3343 3689 4066 4455 4893 5282 5632 6017 6418 6854 7190 7532 7832 8233 8547 8946 9296
28 123 406 732 1104 1513 1827 2167 2535 2899 3280 3580 3877 4238 4559 4880 5242 5692 5984 6384 6744 7034 7426 7781 8105 8445 8844 9255 9637
28 317 631 988 1288 1633 1941 2242 2582 2908 3289 3603 3940 4247 4572 4973 5370 5711 6050 6371 6789 7162 7565 7875 8174 8551 8902 9287 9594
28 226 491 907 1244 1548 1924 2250 2639 2994 3316 3653 3937 4257 4607 4938 5298 5629 5979 6324 6661 7032 7351 7674 8023 8362 8740 9049 9410
27 217 522 925 1272 1627 2014 2394 2722 3102 3511 3846 4224 4602 4890 5223 5538 5893 6230 6596 6995 7353 7701 8065 8399 8777 9145 9468
28 142 553 904 1248 1545 1908 2274 2624 2938 3339 3711 4078 4420 4734 5114 5535 5921 6299 6616 6938 7334 7641 7974 8290 8603 8947 9253 9598
28 322 605 1007 1311 1656 2012 2399 2704 2983 3395 3744 4090 4469 4931 5294 5581 5874 6190 6525 6839 7137 7560 7876 8303 8593 8958 9337 9631
27 17 378 718 1103 1443 1797 2162 2518 2885 3275 3647 3981 4363 4686 4988 5313 5618 5975 6385 6814 7151 7482 7879 8206 8672 9035 9321
27 118 447 811 1163 1582 1915 2351 2637 2956 3357 3681 4024 4357 4660 4964 5286 5679 6029 6453 6862 7240 7591 7953 8330 8689 9047 9368
27 329 684 1060 1394 1750 2128 2453 2832 3221 3553 3913 4276 4638 4940 5248 5606 5976 6387 6786 7113 7449 7817 8168 8570 8877 9195 9624
27 234 620 961 1266 1574 1901 2186 2562 2876 3297 3650 3990 4402 4756 5105 5457 5818 6196 6582 6950 7397 7699 8184 8556 8913 9256 9585
27 268 717 1132 1544 1832 2165 2508 2821 3131 3492 3870 4181 4464 4829 5176 5493 5837 6203 6585 6956 7267 7566 7918 8337 8656 9054 9441
28 133 371 695 1021 1446 1743 2053 2390 2771 3187 3534 3921 4269 4656 4995 5310 5693 6063 6433 6757 7071 7419 7757 8151 8467 8814 9135 9512
26 280 650 954 1303 1729 2052 2443 2842 3215 3522 3871 4230 4530 4866 5194 5554 5944 6248 6683 7090 7466 7820 8144 8517 8933 9370
26 291 706 1069 1435 1851 2223 2529 2877 3209 3503 3798 4137 4479 4888 5257 5610 5964 6306 6663 7044 7518 7930 8287 8650 8989 9367
28 103 380 746 1152 1456 1793 2178 2570 2893 3260 3599 3941 4353 4710 5081 5411 5811 6142 6479 6821 7203 7550 7948 8244 8579 8883 9217 9564
27 303 756 1066 1474 1773 2145 2448 2767 3144 3525 3842 4260 4587 5029 5364 5742 6153 6542 6901 7235 7595 7967 8311 8643 8964 9308 9617
28 324 673 1045 1332 1624 1903 2297 2576 2895 3257 3605 3925 4259 4634 4998 5361 5655 6069 6381 6704 7046 7389 7691 8076 8444 8819 9211 9526
27 121 372 815 1162 1511 1835 2222 2634 3035 3457 3777 4162 4500 4873 5208 5496 5862 6179 6630 6931 7335 7645 7986 8284 8641 9023 9332
28 141 428 705 1019 1418 1727 2137 2506 2853 3210 3490 3832 4132 4461 4763 5149 5587 6013 6322 6654 7062 7438 7790 8127 8472 8816 9164 9491
28 163 544 871 1170 1589 1912 2257 2543 2861 3136 3478 3953 4291 4658 4990 5401 5799 6210 6567 6853 7255 7554 7916 8247 8619 8916 9207 9527
26 312 644 948 1280 1581 2002 2333 2645 3046 3431 3737 4142 4531 4926 5270 5685 6015 6380 6702 6989 7369 7734 8110 8536 8857 9293
27 183 460 795 1201 1607 1994 2378 2694 3109 3463 3839 4212 4616 4999 5378 5779 6087 6397 6820 7114 7471 7795 8189 8516 8938 9242 9561
29 229 500 913 1293 1655 1978 2315 2734 3077 3441 3807 4242 4596 4878 5219 5519 5841 6244 6555 6865 7270 7582 7878 8159 8479 8786 9088 9426 9713
27 7 440 812 1172 1497 1920 2288 2709 3074 3399 3783 4100 4480 4848 5175 5530 5848 6206 6521 6930 7301 7644 7989 8397 8763 9141 9478
27 15 556 828 1165 1532 1834 2171 2536 2968 3307 3690 4074 4430 4796 5120 5532 5903 6250 6664 6948 7292 7623 7987 8313 8647 9010 9401
28 137 488 906 1274 1583 1969 2253 2670 3024 3365 3769 4150 4541 4916 5203 5579 5931 6309 6631 6953 7296 7643 8020 8349 8703 9005 9314 9620
28 197 454 792 1130 1499 1821 2256 2574 2985 3291 3691 4063 4407 4773 5085 5406 5778 6079 6370 6724 7076 7395 7806 8102 8405 8702 9039 9396
29 43 452 762 1107 1403 1751 2134 2447 2831 3110 3461 3779 4184 4529 4834 5177 5583 5890 6254 6645 6914 7231 7577 7889 8194 8574 8881 9169 9543
27 66 392 729 1032 1397 1746 2069 2360 2717 2998 3415 3794 4196 4494 4935 5300 5625 6078 6472 6811 7160 7513 7920 8242 8666 9019 9402
27 261 634 997 1343 1725 2064 2422 2765 3113 3435 3784 4176 4454 4788 5108 5444 5846 6272 6556 6911 7284 7710 8087 8432 8827 9129 9498
28 42 351 742 1089 1457 1804 2082 2435 2735 3118 3468 3792 4175 4453 4804 5160 5509 5914 6266 6601 6916 7294 7694 8026 8425 8765 9155 9540
27 35 469 781 1097 1522 1896 2294 2662 2988 3341 3704 4127 4444 4840 5174 5448 5867 6173 6548 6843 7194 7588 7943 8381 8751 9147 9454
28 92 545 914 1261 1639 1940 2365 2711 3015 3377 3707 4018 4349 4641 4956 5302 5668 6043 6421 6725 7089 7407 7702 8009 8335 8652 8987 9355
28 277 599 1040 1398 1774 2084 2463 2810 3153 3442 3765 4046 4395 4682 5049 5442 5824 6145 6457 6787 7156 7543 7912 8185 8557 8894 9272 9641
28 31 374 770 1178 1506 1916 2284 2621 2959 3303 3615 3967 4344 4683 5080 5480 5820 6215 6623 7014 7333 7655 7991 8334 8634 8980 9318 9642
27 21 395 765 1074 1425 1789 2164 2521 2930 3304 3731 3997 4346 4677 4975 5396 5704 6037 6446 6816 7133 7556 7957 8238 8621 8975 9327
28 257 632 986 1362 1781 2129 2500 2855 3154 3467 3817 4182 4537 4851 5173 5506 5831 6151 6473 6849 7143 7429 7799 8179 8464 8813 9148 9504
27 273 543 874 1209 1496 1883 2229 2528 2917 3314 3645 3983 4320 4729 5092 5501 5887 6217 6516 6878 7291 7708 8064 8389 8711 9074 9488
28 191 613 977 1375 1689 1995 2293 2584 2921 3208 3536 3866 4219 4558 4856 5156 5522 5881 6183 6484 6933 7212 7596 8028 8391 8757 9069 9360
28 99 465 838 1161 1459 1802 2116 2475 2802 3167 3484 3840 4263 4585 4930 5307 5670 6066 6369 6736 7119 7521 7859 8308 8651 8939 9250 9577
27 266 641 975 1309 1694 2043 2441 2818 3216 3597 3927 4294 4654 5000 5347 5708 6036 6357 6672 6992 7360 7750 8097 8459 8804 9090 9532
28 74 507 835 1197 1528 1866 2160 2561 2970 3379 3748 4089 4446 4760 5053 5455 5776 6148 6495 6871 7175 7568 7883 8210 8511 8834 9227 9574
28 60 567 886 1177 1565 1898 2188 2632 2984 3350 3684 3976 4321 4630 4929 5383 5745 6041 6396 6712 7099 7432 7742 8039 8355 8735 9092 9436
28 185 506 807 1174 1509 1927 2330 2653 2953 3238 3671 4003 4300 4735 5113 5508 5808 6103 6445 6732 7122 7507 7868 8199 8541 8873 9205 9611
27 147 435 769 1206 1504 1999 2346 2707 3111 3547 3982 4277 4668 5043 5349 5686 5987 6376 6767 7063 7408 7695 8011 8328 8730 9104 9421
27 305 619 958 1297 1674 2068 2409 2873 3195 3499 3926 4281 4579 4959 5293 5639 5982 6269 6634 6924 7230 7618 7982 8292 8589 8986 9414
28 255 562 876 1233 1555 1990 2323 2614 2903 3285 3614 4040 4437 4767 5083 5419 5762 6080 6410 6731 7023 7309 7683 8007 8312 8664 9004 9290
27 115 409 743 1085 1488 1900 2205 2602 3011 3363 3730 4058 4443 4808 5170 5593 5989 6392 6703 7102 7489 7861 8186 8594 8900 9224 9522
27 177 585 926 1286 1664 2079 2386 2713 3062 3426 3904 4296 4612 4951 5261 5657 6065 6351 6685 7064 7448 7802 8119 8500 8862 9175 9495
27 94 417 728 1044 1471 1825 2168 2519 2870 3337 3740 4201 4536 4865 5159 5477 5854 6178 6523 6838 7196 7552 7973 8277 8604 8988 9328
27 230 561 939 1229 1586 2010 2336 2683 3014 3322 3687 4004 4350 4732 5099 5500 5958 6329 6684 6974 7317 7712 8088 8404 8741 9089 9449
28 252 621 1001 1358 1766 2166 2480 2796 3130 3428 3786 4131 4487 4832 5150 5573 5933 6265 6534 6900 7253 7545 7909 8309 8607 8955 9285 9650
28 57 414 801 1148 1517 1867 2174 2540 2852 3227 3649 3931 4286 4674 4970 5346 5636 5905 6255 6551 6883 7242 7677 8083 8433 8733 9057 9466
28 119 530 824 1184 1483 1795 2154 2427 2733 3060 3327 3678 4014 4325 4627 5042 5360 5689 6022 6363 6680 7084 7458 7854 8236 8662 8976 9297
27 240 515 957 1283 1628 2019 2300 2663 2992 3384 3709 4096 4385 4746 5076 5441 5828 6180 6528 6944 7261 7585 8002 8274 8706 9034 9409
29 55 373 738 1056 1393 1738 2090 2439 2744 3039 3380 3695 4016 4368 4703 5044 5456 5789 6160 6470 6861 7279 7580 7903 8262 8618 8960 9270 9616
27 194 490 905 1220 1568 1923 2331 2665 2971 3319 3667 4006 4312 4669 5023 5399 5819 6157 6518 6867 7266 7703 8082 8423 8736 9080 9416
27 290 683 1009 1364 1737 2118 2479 2786 3201 3537 3878 4226 4569 4965 5428 5793 6208 6554 6949 7329 7606 7914 8258 8622 8910 9295 9625
26 0 565 861 1204 1585 1980 2407 2838 3156 3486 3805 4225 4574 4937 5318 5600 5973 6415 6764 7144 7528 7941 8352 8697 9022 9380
27 218 464 796 1098 1539 1986 2383 2691 3013 3408 3772 4101 4507 4841 5165 5447 5787 6084 6435 6743 7107 7462 7796 8211 8610 8969 9283
26 343 685 1052 1384 1772 2139 2494 2892 3278 3648 4019 4387 4722 5062 5451 5817 6189 6532 6912 7216 7579 7890 8237 8611 9042 9387
28 91 398 757 1096 1484 1765 2081 2432 2745 3094 3491 3812 4167 4492 4855 5245 5599 5988 6318 6606 6920 7239 7533 7963 8341 8631 9081 9423
27 243 617 1002 1372 1696 2031 2444 2788 3097 3498 3883 4195 4562 4980 5268 5604 5968 6317 6655 6939 7299 7670 8025 8422 8744 9075 9382
28 178 550 867 1185 1597 2016 2374 2776 3107 3466 3762 4160 4490 4780 5097 5513 5900 6187 6500 6815 7163 7516 7906 8219 8528 8918 9263 9643
28 5 471 894 1240 1529 1870 2231 2575 2898 3240 3705 3972 4383 4690 5045 5369 5717 6082 6450 6910 7311 7634 7933 8316 8642 8981 9274 9645
27 200 523 842 1187 1601 1945 2347 2642 2954 3344 3712 4139 4518 4872 5263 5627 5925 6321 6626 6947 7251 7553 7978 8325 8716 9106 9465
27 196 559 893 1253 1613 1965 2388 2770 3091 3481 3771 4208 4498 4799 5195 5622 6012 6408 6721 7037 7318 7687 8052 8434 8789 9123 9541
26 108 403 727 1140 1441 1778 2158 2483 2927 3371 3736 4104 4412 4815 5262 5656 6004 6331 6693 7073 7506 7858 8213 8646 8973 9347
27 48 498 821 1198 1534 1887 2232 2603 3008 3334 3643 3984 4352 4707 5035 5430 5785 6133 6490 6856 7174 7487 7869 8297 8667 9003 9369
27 253 611 982 1431 1730 2057 2381 2696 3108 3386 3766 4091 4472 4883 5235 5612 5926 6294 6648 6945 7245 7624 8016 8390 8698 9063 9385
26 327 703 1039 1430 1800 2092 2436 2736 3119 3508 3885 4231 4610 4958 5281 5634 6038 6416 6802 7093 7486 7827 8253 8567 8965 9316
28 276 594 917 1246 1616 1962 2258 2551 2879 3276 3703 3999 4360 4716 5066 5503 5794 6113 6452 6823 7249 7546 7870 8173 8561 8888 9234 9555
28 188 541 983 1345 1736 2040 2348 2716 3025 3346 3686 4068 4403 4737 5064 5400 5705 6061 6460 6775 7095 7425 7765 8096 8491 8821 9115 9505
27 41 568 898 1241 1590 1935 2291 2710 3139 3608 3995 4367 4764 5106 5425 5823 6184 6506 6836 7176 7511 7905 8203 8509 8808 9116 9486
27 210 505 880 1298 1728 2051 2457 2808 3175 3617 3959 4267 4553 4915 5357 5698 6085 6442 6720 7080 7403 7747 8116 8465 8807 9172 9485
26 249 629 955 1371 1785 2096 2515 2849 3142 3500 3919 4284 4691 5090 5486 5833 6221 6587 6964 7338 7690 8012 8452 8809 9197 9580
28 129 424 773 1119 1460 1811 2114 2410 2725 3087 3362 3644 4021 4418 4727 5070 5437 5750 6140 6409 6726 7118 7444 7848 8234 8597 8929 9342
28 344 670 1059 1377 1710 2089 2377 2764 3056 3458 3760 4134 4431 4830 5189 5489 5822 6121 6431 6781 7085 7410 7753 8031 8375 8823 9170 9483
28 331 687 971 1257 1612 1955 2245 2697 3128 3464 3818 4136 4427 4762 5094 5436 5746 6177 6504 6866 7221 7620 7944 8248 8681 9036 9357 9648
28 237 622 931 1335 1703 1975 2345 2666 3010 3318 3639 3957 4358 4694 5048 5377 5700 6064 6419 6792 7187 7537 7898 8250 8568 8917 9267 9595
