100
36
99
27
92
423
254
25
122
194
73
243
331
516
338
164
86
241
263
2
470
38
126
21
65
68
17
295
255
60
26
162
291
214
18
42
191
342
210
32
455
51
598
20
104
234
90
106
47
279
160
118
137
0
19
410
268
280
230
196
49
62
168
69
141
261
20
326
277
56
60
170
209
40
316
241
445
59
47
163
213
3
207
102
36
2
169
43
335
35
113
164
18
20
25
387
100
249
25
52
6
9
239
72
338
484
17
16
254
107
285
264
46
38
238
36
48
499
202
210
306
24
201
200
434
543
312
84
322
230
46
0
340
216
39
536
83
62
170
159
321
232
234
139
151
31
56
390
276
128
49
194
61
363
18
64
49
50
48
32
240
340
91
151
79
20
21
36
107
206
116
94
55
58
10
122
12
141
405
298
102
362
168
447
202
210
154
266
118
18
137
246
112
449
215
97
31
18
35
244
66
188
146
20
38
252
66
171
694
294
214
19
199
57
38
21
34
248
199
6
274
120
105
768
153
63
173
77
81
112
41
44
68
271
79
222
203
21
50
227
34
91
58
34
167
423
81
48
189
179
23
249
333
95
8
342
100
179
72
229
179
40
92
325
196
123
193
120
28
72
16
193
50
362
150
372
23
478
257
54
202
62
15
95
155
31
25
416
121
369
109
109
175
175
130
0
0
107
308
209
43
169
196
254
95
9
221
296
236
88
187
210
0
19
558
200
148
26
218
148
14
58
36
28
76
149
114
375
138
286
328
33
121
56
489
143
54
222
42
78
104
376
150
67
184
27
502
60
123
330
74
37
43
18
80
297
280
250
344
135
17
96
352
191
582
155
362
28
111
170
82
24
252
91
62
429
84
491
345
228
351
284
18
319
88
19
419
290
193
229
30
406
112
95
284
38
37
80
144
286
194
189
257
340
300
176
63
183
70
83
8
109
159
156
301
66
269
60
15
108
20
336
173
39
63
228
90
367
253
96
46
567
177
255
156
132
257
204
18
57
320
218
24
279
26
330
57
155
201
106
389
14
64
184
60
91
98
90
24
259
0
252
204
341
146
30
105
155
234
126
45
104
96
506
123
365
337
227
42
80
188
190
165
73
139
36
217
164
65
160
106
358
266
65
56
578
60
28
339
171
270
49
145
160
61
439
311
85
68
90
375
145
37
338
315
345
311
83
325
38
26
429
60
422
317
409
670
95
207
339
193
240
81
150
29
9
244
102
351
368
435
181
195
73
162
149
65
166
113
154
60
320
230
466
338
53
0
111
130
472
7
338
362
282
56
49
61
255
56
147
17
122
314
305
102
80
91
0
125
168
166
237
90
368
298
91
253
177
240
135
148
322
204
332
290
28
155
27
189
142
80
43
111
130
118
295
248
29
89
54
158
124
537
96
175
337
224
463
211
220
0
215
187
165
102
184
369
309
180
48
455
149
185
13
22
92
272
32
180
72
48
423
51
150
95
255
258
217
98
278
37
183
150
98
15
369
149
266
246
160
233
36
506
20
121
109
